2024-10-19 18:51:57,677 DEBUG lorax: Namespace(product='TinkerOS', version='1.0', release='1', source=['https://download.fedoraproject.org/pub/fedora/linux/releases/38/Everything/x86_64/os/', 'https://download.fedoraproject.org/pub/fedora/linux/updates/38/Everything/x86_64/', 'https://brave-browser-rpm-release.s3.brave.com/x86_64/'], repos=[], mirrorlist=[], variant='', bugurl='your distribution provided bug reporting tool', isfinal=False, config='/etc/lorax/lorax.conf', proxy=None, installpkgs=['/home/csongorbikki/git/tinker-os/scripts/tinker-os-budgie.ks'], excludepkgs=[], buildarch=None, volid=None, domacboot=True, doupgrade=True, logfile='/home/csongorbikki/git/tinker-os/lorax.log', tmp='/var/tmp/lorax', cachedir=None, workdir=None, force=False, add_templates=[], add_template_vars=[], add_arch_templates=[], add_arch_template_vars=[], verify=True, sharedir=None, enablerepos=[], disablerepos=[], rootfs_size=2, noverifyssl=False, dnfplugins=[], squashfs_only=False, skip_branding=False, dracut_conf=None, dracut_args=None, outputdir='/home/csongorbikki/git/tinker-os/tinkeros-1.0')
2024-10-19 18:51:57,677 INFO pylorax: selinux is enabled and in Enforcing mode
2024-10-19 18:51:57,678 INFO pylorax: Using platform:f40 for module_platform_id
2024-10-19 18:51:57,682 INFO pylorax: Added 'lorax-repo-0': https://download.fedoraproject.org/pub/fedora/linux/releases/38/Everything/x86_64/os/
2024-10-19 18:51:57,682 INFO pylorax: Added 'lorax-repo-1': https://download.fedoraproject.org/pub/fedora/linux/updates/38/Everything/x86_64/
2024-10-19 18:51:57,682 INFO pylorax: Added 'lorax-repo-2': https://brave-browser-rpm-release.s3.brave.com/x86_64/
2024-10-19 18:51:57,682 INFO pylorax: Using repos: lorax-repo-2, lorax-repo-1, lorax-repo-0
2024-10-19 18:51:57,682 INFO pylorax: Fetching metadata...
2024-10-19 18:52:32,984 DEBUG pylorax: version is 40.7-1
2024-10-19 18:52:32,984 INFO pylorax: selinux is enabled and in Enforcing mode
2024-10-19 18:52:32,984 DEBUG pylorax: using work directory /var/tmp/lorax/lorax.qpgzl9lp
2024-10-19 18:52:32,984 DEBUG pylorax: using log directory /home/csongorbikki/git/tinker-os
2024-10-19 18:52:32,985 DEBUG pylorax: using output directory /home/csongorbikki/git/tinker-os/tinkeros-1.0
2024-10-19 18:52:32,985 INFO pylorax: checking for root privileges
2024-10-19 18:52:32,985 INFO pylorax: checking dnf base object
2024-10-19 18:52:32,985 DEBUG pylorax: using install root: /var/tmp/lorax/lorax.qpgzl9lp/installtree
2024-10-19 18:52:32,998 INFO pylorax: setting up build architecture
2024-10-19 18:52:32,998 DEBUG pylorax: self.arch.buildarch = x86_64
2024-10-19 18:52:32,998 DEBUG pylorax: self.arch.basearch = x86_64
2024-10-19 18:52:32,998 DEBUG pylorax: self.arch.libdir = lib64
2024-10-19 18:52:32,998 INFO pylorax: setting up build parameters
2024-10-19 18:52:32,998 DEBUG pylorax: product data: {'name': 'TinkerOS', 'version': '1.0', 'release': '1', 'variant': '', 'bugurl': 'your distribution provided bug reporting tool', 'isfinal': False}
2024-10-19 18:52:32,999 INFO pylorax: Using templatedir /usr/share/lorax/templates.d/99-generic
2024-10-19 18:52:46,622 DEBUG pylorax.treebuilder: system-release packages: fedora-release,fedora-release-budgie,fedora-release-cinnamon,fedora-release-cloud,fedora-release-compneuro,fedora-release-container,fedora-release-coreos,fedora-release-designsuite,fedora-release-i3,fedora-release-iot,fedora-release-kde,fedora-release-kinoite,fedora-release-lxqt,fedora-release-matecompiz,fedora-release-sericea,fedora-release-server,fedora-release-silverblue,fedora-release-snappy,fedora-release-soas,fedora-release-sway,fedora-release-workstation,fedora-release-xfce,fedora-release,fedora-release-budgie,fedora-release-cinnamon,fedora-release-cloud,fedora-release-compneuro,fedora-release-container,fedora-release-coreos,fedora-release-designsuite,fedora-release-i3,fedora-release-iot,fedora-release-kde,fedora-release-kinoite,fedora-release-lxqt,fedora-release-matecompiz,fedora-release-sericea,fedora-release-server,fedora-release-silverblue,fedora-release-snappy,fedora-release-soas,fedora-release-sway,fedora-release-workstation,fedora-release-xfce
2024-10-19 18:52:46,622 INFO pylorax.treebuilder: got release: fedora-release
2024-10-19 18:52:46,622 INFO pylorax: installing runtime packages
2024-10-19 18:52:47,399 ERROR pylorax.ltmpl: installpkg /home/csongorbikki/git/tinker-os/scripts/tinker-os-budgie.ks failed: no package matched /home/csongorbikki/git/tinker-os/scripts/tinker-os-budgie.ks
2024-10-19 18:52:47,434 INFO lorax: Cleaning up tempdir - /var/tmp/lorax/lorax.qpgzl9lp
